<?xml version="1.0" encoding="UTF-8"?>
<!-- Generated by org.testng.reporters.JUnitReportReporter -->
<testsuite hostname="has-MacBook-Pro.home" failures="0" tests="1" name="com.ebay.FooterLinkTC_03" time="8.599" errors="0" timestamp="2023-01-29T10:18:38 EST" skipped="0">
  <testcase classname="com.ebay.FooterLinkTC_03" name="clickFooterLink" time="8.599"/>
  <system-out/>
</testsuite> <!-- com.ebay.FooterLinkTC_03 -->
