<?xml version="1.0" encoding="UTF-8"?>
<!-- Generated by org.testng.reporters.JUnitReportReporter -->
<testsuite hostname="has-MacBook-Pro.home" failures="0" tests="1" name="com.ebay.ClickingItemsTC_06" time="12.728" errors="0" timestamp="2023-01-29T10:18:38 EST" skipped="0">
  <testcase classname="com.ebay.ClickingItemsTC_06" name="TC" time="12.728"/>
  <system-out/>
</testsuite> <!-- com.ebay.ClickingItemsTC_06 -->
