<?xml version="1.0" encoding="UTF-8"?>
<!-- Generated by org.testng.reporters.JUnitReportReporter -->
<testsuite hostname="has-MacBook-Pro.home" failures="0" tests="1" name="com.ebay.TitleTC_01" time="0.057" errors="0" timestamp="2023-01-29T10:18:38 EST" skipped="0">
  <testcase classname="com.ebay.TitleTC_01" name="titlecheck" time="0.057"/>
  <system-out/>
</testsuite> <!-- com.ebay.TitleTC_01 -->
